unmarshal VisitorConfig error: json: unknown field "role"
[1;34m2026-03-12 18:08:43.233 [I] [sub/root.go:159] start frpc service for config file [/Users/mx/GolandProjects/selfspace/frp-client/frpc.toml]
[0m[1;34m2026-03-12 18:08:43.234 [I] [client/service.go:335] try to connect to server...
[0m[1;33m2026-03-12 18:08:53.237 [W] [client/service.go:338] connect to server error: dial tcp 203.0.113.10:7000: i/o timeout
[0m[1;34m2026-03-12 18:08:53.237 [I] [sub/root.go:178] frpc service for config file [/Users/mx/GolandProjects/selfspace/frp-client/frpc.toml] stopped
[0mlogin to the server failed: dial tcp 203.0.113.10:7000: i/o timeout. With loginFailExit enabled, no additional retries will be attempted
[1;34m2026-03-12 18:09:34.200 [I] [sub/root.go:159] start frpc service for config file [/Users/mx/GolandProjects/selfspace/frp-client/frpc.toml]
[0m[1;34m2026-03-12 18:09:34.201 [I] [client/service.go:335] try to connect to server...
[0m[1;33m2026-03-12 18:09:44.204 [W] [client/service.go:338] connect to server error: dial tcp 203.0.113.10:7000: i/o timeout
[0m[1;34m2026-03-12 18:09:44.205 [I] [sub/root.go:178] frpc service for config file [/Users/mx/GolandProjects/selfspace/frp-client/frpc.toml] stopped
[0mlogin to the server failed: dial tcp 203.0.113.10:7000: i/o timeout. With loginFailExit enabled, no additional retries will be attempted
[1;34m2026-03-12 18:19:03.888 [I] [sub/root.go:159] start frpc service for config file [/Users/mx/GolandProjects/selfspace/frp-client/frpc.toml]
[0m[1;34m2026-03-12 18:19:03.888 [I] [client/service.go:335] try to connect to server...
[0m[1;34m2026-03-12 18:19:04.023 [I] [client/service.go:327] [3d4f8d090461483d] login to server success, get run id [3d4f8d090461483d]
[0m[1;34m2026-03-12 18:19:04.024 [I] [proxy/proxy_manager.go:180] [3d4f8d090461483d] proxy added: [device_b_ssh device_b_desktop tcp_6633]
[0m[1;34m2026-03-12 18:19:04.025 [I] [visitor/visitor_manager.go:128] [3d4f8d090461483d] start visitor success
[0m[1;34m2026-03-12 18:19:04.025 [I] [visitor/visitor_manager.go:128] [3d4f8d090461483d] start visitor success
[0m[1;34m2026-03-12 18:19:04.025 [I] [visitor/visitor_manager.go:179] [3d4f8d090461483d] visitor added: [visit_a_ssh visit_a_rdp]
[0m[1;34m2026-03-12 18:19:04.067 [I] [client/control.go:172] [3d4f8d090461483d] [device_b_desktop] start proxy success
[0m[1;34m2026-03-12 18:19:04.068 [I] [client/control.go:172] [3d4f8d090461483d] [device_b_ssh] start proxy success
[0m[1;34m2026-03-12 18:19:04.068 [I] [client/control.go:172] [3d4f8d090461483d] [tcp_6633] start proxy success
[0m[1;34m2026-03-12 18:57:34.522 [I] [sub/root.go:159] start frpc service for config file [/Users/mx/GolandProjects/selfspace/frp-client/frpc.toml]
[0m[1;34m2026-03-12 18:57:34.522 [I] [client/service.go:335] try to connect to server...
[0m[1;34m2026-03-12 18:57:34.678 [I] [client/service.go:327] [d580550165f8a21b] login to server success, get run id [d580550165f8a21b]
[0m[1;34m2026-03-12 18:57:34.679 [I] [proxy/proxy_manager.go:180] [d580550165f8a21b] proxy added: [device_b_ssh device_b_desktop tcp_6633]
[0m[1;34m2026-03-12 18:57:34.679 [I] [visitor/visitor_manager.go:128] [d580550165f8a21b] start visitor success
[0m[1;34m2026-03-12 18:57:34.679 [I] [visitor/visitor_manager.go:128] [d580550165f8a21b] start visitor success
[0m[1;34m2026-03-12 18:57:34.679 [I] [visitor/visitor_manager.go:179] [d580550165f8a21b] visitor added: [visit_a_ssh visit_a_rdp]
[0m[1;34m2026-03-12 18:57:34.807 [I] [client/control.go:172] [d580550165f8a21b] [device_b_ssh] start proxy success
[0m[1;34m2026-03-12 18:57:34.807 [I] [client/control.go:172] [d580550165f8a21b] [device_b_desktop] start proxy success
[0m[1;34m2026-03-12 18:57:34.807 [I] [client/control.go:172] [d580550165f8a21b] [tcp_6633] start proxy success
[0m[1;34m2026-03-12 18:57:40.046 [I] [sub/root.go:159] start frpc service for config file [/Users/mx/GolandProjects/selfspace/frp-client/frpc.toml]
[0m[1;34m2026-03-12 18:57:40.046 [I] [client/service.go:335] try to connect to server...
[0m[1;34m2026-03-12 18:57:40.171 [I] [client/service.go:327] [791a474543cc0829] login to server success, get run id [791a474543cc0829]
[0m[1;34m2026-03-12 18:57:40.172 [I] [proxy/proxy_manager.go:180] [791a474543cc0829] proxy added: [device_b_ssh device_b_desktop tcp_6633]
[0m[1;34m2026-03-12 18:57:40.172 [I] [visitor/visitor_manager.go:128] [791a474543cc0829] start visitor success
[0m[1;34m2026-03-12 18:57:40.172 [I] [visitor/visitor_manager.go:128] [791a474543cc0829] start visitor success
[0m[1;34m2026-03-12 18:57:40.172 [I] [visitor/visitor_manager.go:179] [791a474543cc0829] visitor added: [visit_a_ssh visit_a_rdp]
[0m[1;34m2026-03-12 18:57:40.214 [I] [client/control.go:172] [791a474543cc0829] [device_b_ssh] start proxy success
[0m[1;34m2026-03-12 18:57:40.215 [I] [client/control.go:172] [791a474543cc0829] [device_b_desktop] start proxy success
[0m[1;34m2026-03-12 18:57:40.215 [I] [client/control.go:172] [791a474543cc0829] [tcp_6633] start proxy success
[0m